2022-02-15 12:29:11,228 INFO supervisord started with pid 494
2022-02-15 12:29:12,230 INFO spawned: 'horizon' with pid 498
2022-02-15 12:29:13,341 INFO success: horizon entered RUNNING state, process has stayed up for > than 1 seconds (startsecs)
2022-02-15 12:29:13,341 INFO exited: horizon (exit status 1; not expected)
2022-02-15 12:29:14,345 INFO spawned: 'horizon' with pid 505
2022-02-15 12:29:15,491 INFO success: horizon entered RUNNING state, process has stayed up for > than 1 seconds (startsecs)
2022-02-15 12:29:15,492 INFO exited: horizon (exit status 1; not expected)
2022-02-15 12:29:16,497 INFO spawned: 'horizon' with pid 512
2022-02-15 12:29:17,827 INFO success: horizon entered RUNNING state, process has stayed up for > than 1 seconds (startsecs)
2022-02-15 12:29:17,827 INFO exited: horizon (exit status 1; not expected)
2022-02-15 12:29:18,831 INFO spawned: 'horizon' with pid 519
2022-02-15 12:29:20,025 INFO success: horizon entered RUNNING state, process has stayed up for > than 1 seconds (startsecs)
2022-02-15 12:29:20,025 INFO exited: horizon (exit status 1; not expected)
2022-02-15 12:29:21,028 INFO spawned: 'horizon' with pid 526
2022-02-15 12:29:22,136 INFO success: horizon entered RUNNING state, process has stayed up for > than 1 seconds (startsecs)
2022-02-15 12:29:22,136 INFO exited: horizon (exit status 1; not expected)
2022-02-15 12:29:23,140 INFO spawned: 'horizon' with pid 533
2022-02-15 12:29:24,267 INFO success: horizon entered RUNNING state, process has stayed up for > than 1 seconds (startsecs)
2022-02-15 12:29:24,267 INFO exited: horizon (exit status 1; not expected)
2022-02-15 12:29:25,270 INFO spawned: 'horizon' with pid 540
2022-02-15 12:29:26,389 INFO success: horizon entered RUNNING state, process has stayed up for > than 1 seconds (startsecs)
2022-02-15 12:29:26,390 INFO exited: horizon (exit status 1; not expected)
2022-02-15 12:29:27,395 INFO spawned: 'horizon' with pid 547
2022-02-15 12:29:28,818 INFO success: horizon entered RUNNING state, process has stayed up for > than 1 seconds (startsecs)
2022-02-15 12:29:28,819 INFO exited: horizon (exit status 1; not expected)
2022-02-15 12:29:29,821 INFO spawned: 'horizon' with pid 554
2022-02-15 12:29:30,973 INFO success: horizon entered RUNNING state, process has stayed up for > than 1 seconds (startsecs)
2022-02-15 12:29:30,974 INFO exited: horizon (exit status 1; not expected)
2022-02-15 12:29:31,977 INFO spawned: 'horizon' with pid 561
2022-02-15 12:29:33,101 INFO success: horizon entered RUNNING state, process has stayed up for > than 1 seconds (startsecs)
2022-02-15 12:29:33,101 INFO exited: horizon (exit status 1; not expected)
2022-02-15 12:29:34,104 INFO spawned: 'horizon' with pid 568
2022-02-15 12:29:35,207 INFO success: horizon entered RUNNING state, process has stayed up for > than 1 seconds (startsecs)
2022-02-15 12:29:35,207 INFO exited: horizon (exit status 1; not expected)
2022-02-15 12:29:36,210 INFO spawned: 'horizon' with pid 575
2022-02-15 12:29:37,310 INFO success: horizon entered RUNNING state, process has stayed up for > than 1 seconds (startsecs)
2022-02-15 12:29:37,310 INFO exited: horizon (exit status 1; not expected)
2022-02-15 12:29:38,314 INFO spawned: 'horizon' with pid 582
2022-02-15 12:29:39,462 INFO success: horizon entered RUNNING state, process has stayed up for > than 1 seconds (startsecs)
2022-02-15 12:29:39,463 INFO exited: horizon (exit status 1; not expected)
2022-02-15 12:29:40,465 INFO spawned: 'horizon' with pid 589
2022-02-15 12:29:41,564 INFO success: horizon entered RUNNING state, process has stayed up for > than 1 seconds (startsecs)
2022-02-15 12:29:41,564 INFO exited: horizon (exit status 1; not expected)
2022-02-15 12:29:42,567 INFO spawned: 'horizon' with pid 596
2022-02-15 12:29:43,814 INFO success: horizon entered RUNNING state, process has stayed up for > than 1 seconds (startsecs)
2022-02-15 12:29:43,815 INFO exited: horizon (exit status 1; not expected)
2022-02-15 12:29:44,818 INFO spawned: 'horizon' with pid 603
2022-02-15 12:32:56,639 INFO supervisord started with pid 494
2022-02-15 12:32:57,641 INFO spawned: 'horizon' with pid 498
2022-02-15 12:32:58,769 INFO success: horizon entered RUNNING state, process has stayed up for > than 1 seconds (startsecs)
2022-02-15 12:32:58,770 INFO exited: horizon (exit status 1; not expected)
2022-02-15 12:32:59,774 INFO spawned: 'horizon' with pid 505
2022-02-15 12:33:00,942 INFO success: horizon entered RUNNING state, process has stayed up for > than 1 seconds (startsecs)
2022-02-15 12:33:00,943 INFO exited: horizon (exit status 1; not expected)
2022-02-15 12:33:01,945 INFO spawned: 'horizon' with pid 512
2022-02-15 12:33:03,052 INFO success: horizon entered RUNNING state, process has stayed up for > than 1 seconds (startsecs)
2022-02-15 12:33:03,052 INFO exited: horizon (exit status 1; not expected)
2022-02-15 12:33:04,055 INFO spawned: 'horizon' with pid 519
2022-02-15 12:33:05,171 INFO success: horizon entered RUNNING state, process has stayed up for > than 1 seconds (startsecs)
2022-02-15 12:33:05,172 INFO exited: horizon (exit status 1; not expected)
2022-02-15 12:33:06,175 INFO spawned: 'horizon' with pid 526
2022-02-15 12:33:07,395 INFO success: horizon entered RUNNING state, process has stayed up for > than 1 seconds (startsecs)
2022-02-15 12:33:07,395 INFO exited: horizon (exit status 1; not expected)
2022-02-15 12:33:08,398 INFO spawned: 'horizon' with pid 533
2022-02-15 12:33:09,514 INFO success: horizon entered RUNNING state, process has stayed up for > than 1 seconds (startsecs)
2022-02-15 12:33:09,515 INFO exited: horizon (exit status 1; not expected)
2022-02-15 12:33:10,520 INFO spawned: 'horizon' with pid 540
2022-02-15 12:33:11,745 INFO success: horizon entered RUNNING state, process has stayed up for > than 1 seconds (startsecs)
2022-02-15 12:33:11,745 INFO exited: horizon (exit status 1; not expected)
2022-02-15 12:33:12,750 INFO spawned: 'horizon' with pid 547
2022-02-15 12:33:14,003 INFO success: horizon entered RUNNING state, process has stayed up for > than 1 seconds (startsecs)
2022-02-15 12:33:14,003 INFO exited: horizon (exit status 1; not expected)
2022-02-15 12:33:15,005 INFO spawned: 'horizon' with pid 554
2022-02-15 12:33:16,103 INFO success: horizon entered RUNNING state, process has stayed up for > than 1 seconds (startsecs)
2022-02-15 12:33:16,104 INFO exited: horizon (exit status 1; not expected)
2022-02-15 12:33:17,106 INFO spawned: 'horizon' with pid 561
2022-02-15 12:33:18,203 INFO success: horizon entered RUNNING state, process has stayed up for > than 1 seconds (startsecs)
2022-02-15 12:33:18,203 INFO exited: horizon (exit status 1; not expected)
2022-02-15 12:33:19,205 INFO spawned: 'horizon' with pid 568
2022-02-15 12:33:20,310 INFO success: horizon entered RUNNING state, process has stayed up for > than 1 seconds (startsecs)
2022-02-15 12:33:20,310 INFO exited: horizon (exit status 1; not expected)
2022-02-15 12:33:21,315 INFO spawned: 'horizon' with pid 575
2022-02-15 12:33:22,491 INFO success: horizon entered RUNNING state, process has stayed up for > than 1 seconds (startsecs)
2022-02-15 12:33:22,492 INFO exited: horizon (exit status 1; not expected)
2022-02-15 12:33:23,494 INFO spawned: 'horizon' with pid 582
2022-02-15 12:33:24,616 INFO success: horizon entered RUNNING state, process has stayed up for > than 1 seconds (startsecs)
2022-02-15 12:33:24,616 INFO exited: horizon (exit status 1; not expected)
2022-02-15 12:33:25,619 INFO spawned: 'horizon' with pid 589
2022-02-15 12:33:26,726 INFO success: horizon entered RUNNING state, process has stayed up for > than 1 seconds (startsecs)
2022-02-15 12:33:26,726 INFO exited: horizon (exit status 1; not expected)
2022-02-15 12:33:27,731 INFO spawned: 'horizon' with pid 596
2022-02-15 12:33:28,871 INFO success: horizon entered RUNNING state, process has stayed up for > than 1 seconds (startsecs)
2022-02-15 12:33:28,871 INFO exited: horizon (exit status 1; not expected)
2022-02-15 12:33:29,873 INFO spawned: 'horizon' with pid 603
2022-02-15 12:33:30,983 INFO success: horizon entered RUNNING state, process has stayed up for > than 1 seconds (startsecs)
2022-02-15 12:33:30,985 INFO exited: horizon (exit status 1; not expected)
2022-02-15 12:33:31,991 INFO spawned: 'horizon' with pid 610
2022-02-15 12:33:33,329 INFO success: horizon entered RUNNING state, process has stayed up for > than 1 seconds (startsecs)
2022-02-15 12:33:33,329 INFO exited: horizon (exit status 1; not expected)
2022-02-15 12:33:34,334 INFO spawned: 'horizon' with pid 617
2022-02-15 12:33:35,486 INFO success: horizon entered RUNNING state, process has stayed up for > than 1 seconds (startsecs)
2022-02-15 12:33:35,487 INFO exited: horizon (exit status 1; not expected)
2022-02-15 12:33:36,490 INFO spawned: 'horizon' with pid 624
2022-02-15 12:33:37,605 INFO success: horizon entered RUNNING state, process has stayed up for > than 1 seconds (startsecs)
2022-02-15 12:33:37,605 INFO exited: horizon (exit status 1; not expected)
2022-02-15 12:33:38,608 INFO spawned: 'horizon' with pid 631
2022-02-15 12:33:39,736 INFO success: horizon entered RUNNING state, process has stayed up for > than 1 seconds (startsecs)
2022-02-15 12:33:39,737 INFO exited: horizon (exit status 1; not expected)
2022-02-15 12:33:40,739 INFO spawned: 'horizon' with pid 638
2022-02-15 12:33:41,919 INFO success: horizon entered RUNNING state, process has stayed up for > than 1 seconds (startsecs)
2022-02-15 12:33:41,919 INFO exited: horizon (exit status 1; not expected)
2022-02-15 12:33:42,924 INFO spawned: 'horizon' with pid 645
2022-02-15 12:33:44,176 INFO success: horizon entered RUNNING state, process has stayed up for > than 1 seconds (startsecs)
2022-02-15 12:33:44,177 INFO exited: horizon (exit status 1; not expected)
2022-02-15 12:33:45,182 INFO spawned: 'horizon' with pid 652
2022-02-15 12:33:46,470 INFO success: horizon entered RUNNING state, process has stayed up for > than 1 seconds (startsecs)
2022-02-15 12:33:46,470 INFO exited: horizon (exit status 1; not expected)
2022-02-15 12:33:47,475 INFO spawned: 'horizon' with pid 659
2022-02-15 12:33:48,622 INFO success: horizon entered RUNNING state, process has stayed up for > than 1 seconds (startsecs)
2022-02-15 12:33:48,622 INFO exited: horizon (exit status 1; not expected)
2022-02-15 12:33:49,627 INFO spawned: 'horizon' with pid 666
2022-02-15 12:33:50,768 INFO success: horizon entered RUNNING state, process has stayed up for > than 1 seconds (startsecs)
2022-02-15 12:33:50,768 INFO exited: horizon (exit status 1; not expected)
2022-02-15 12:33:51,772 INFO spawned: 'horizon' with pid 673
2022-02-15 12:33:52,906 INFO success: horizon entered RUNNING state, process has stayed up for > than 1 seconds (startsecs)
2022-02-15 12:33:52,906 INFO exited: horizon (exit status 1; not expected)
2022-02-15 12:33:53,912 INFO spawned: 'horizon' with pid 680
2022-02-15 12:33:55,135 INFO success: horizon entered RUNNING state, process has stayed up for > than 1 seconds (startsecs)
2022-02-15 12:33:55,136 INFO exited: horizon (exit status 1; not expected)
2022-02-15 12:33:56,141 INFO spawned: 'horizon' with pid 687
2022-02-15 12:33:57,358 INFO success: horizon entered RUNNING state, process has stayed up for > than 1 seconds (startsecs)
2022-02-15 12:33:57,358 INFO exited: horizon (exit status 1; not expected)
2022-02-15 12:33:58,362 INFO spawned: 'horizon' with pid 694
2022-02-15 12:33:59,468 INFO success: horizon entered RUNNING state, process has stayed up for > than 1 seconds (startsecs)
2022-02-15 12:33:59,468 INFO exited: horizon (exit status 1; not expected)
2022-02-15 12:34:00,471 INFO spawned: 'horizon' with pid 701
2022-02-15 12:34:01,575 INFO success: horizon entered RUNNING state, process has stayed up for > than 1 seconds (startsecs)
2022-02-15 12:34:01,576 INFO exited: horizon (exit status 1; not expected)
2022-02-15 12:34:02,579 INFO spawned: 'horizon' with pid 708
2022-02-15 12:34:03,676 INFO success: horizon entered RUNNING state, process has stayed up for > than 1 seconds (startsecs)
2022-02-15 12:34:03,676 INFO exited: horizon (exit status 1; not expected)
2022-02-15 12:34:04,681 INFO spawned: 'horizon' with pid 715
2022-02-15 12:34:05,847 INFO success: horizon entered RUNNING state, process has stayed up for > than 1 seconds (startsecs)
2022-02-15 12:34:05,847 INFO exited: horizon (exit status 1; not expected)
2022-02-15 12:34:06,850 INFO spawned: 'horizon' with pid 722
2022-02-15 12:34:07,956 INFO success: horizon entered RUNNING state, process has stayed up for > than 1 seconds (startsecs)
2022-02-15 12:34:07,957 INFO exited: horizon (exit status 1; not expected)
2022-02-15 12:34:08,960 INFO spawned: 'horizon' with pid 729
2022-02-15 12:34:10,152 INFO success: horizon entered RUNNING state, process has stayed up for > than 1 seconds (startsecs)
2022-02-15 12:34:10,152 INFO exited: horizon (exit status 1; not expected)
2022-02-15 12:34:11,156 INFO spawned: 'horizon' with pid 736
2022-02-15 12:34:12,285 INFO success: horizon entered RUNNING state, process has stayed up for > than 1 seconds (startsecs)
2022-02-15 12:34:12,286 INFO exited: horizon (exit status 1; not expected)
2022-02-15 12:34:13,291 INFO spawned: 'horizon' with pid 743
2022-02-15 12:34:14,548 INFO success: horizon entered RUNNING state, process has stayed up for > than 1 seconds (startsecs)
2022-02-15 12:34:14,549 INFO exited: horizon (exit status 1; not expected)
2022-02-15 12:34:15,554 INFO spawned: 'horizon' with pid 750
2022-02-15 12:34:16,758 INFO success: horizon entered RUNNING state, process has stayed up for > than 1 seconds (startsecs)
2022-02-15 12:34:16,758 INFO exited: horizon (exit status 1; not expected)
2022-02-15 12:34:17,761 INFO spawned: 'horizon' with pid 757
2022-02-15 12:34:19,017 INFO success: horizon entered RUNNING state, process has stayed up for > than 1 seconds (startsecs)
2022-02-15 12:34:19,017 INFO exited: horizon (exit status 1; not expected)
2022-02-15 12:34:20,020 INFO spawned: 'horizon' with pid 764
2022-02-15 12:34:21,142 INFO success: horizon entered RUNNING state, process has stayed up for > than 1 seconds (startsecs)
2022-02-15 12:34:21,143 INFO exited: horizon (exit status 1; not expected)
2022-02-15 12:34:22,146 INFO spawned: 'horizon' with pid 771
2022-02-15 12:34:23,270 INFO success: horizon entered RUNNING state, process has stayed up for > than 1 seconds (startsecs)
2022-02-15 12:34:23,271 INFO exited: horizon (exit status 1; not expected)
2022-02-15 12:34:24,273 INFO spawned: 'horizon' with pid 778
2022-02-15 12:34:25,390 INFO success: horizon entered RUNNING state, process has stayed up for > than 1 seconds (startsecs)
2022-02-15 12:34:25,391 INFO exited: horizon (exit status 1; not expected)
2022-02-15 12:34:26,396 INFO spawned: 'horizon' with pid 785
2022-02-15 12:34:27,559 INFO success: horizon entered RUNNING state, process has stayed up for > than 1 seconds (startsecs)
2022-02-15 12:34:27,559 INFO exited: horizon (exit status 1; not expected)
2022-02-15 12:34:28,562 INFO spawned: 'horizon' with pid 792
2022-02-15 12:34:29,664 INFO success: horizon entered RUNNING state, process has stayed up for > than 1 seconds (startsecs)
2022-02-15 12:34:29,664 INFO exited: horizon (exit status 1; not expected)
2022-02-15 12:34:30,669 INFO spawned: 'horizon' with pid 799
2022-02-15 12:34:31,816 INFO success: horizon entered RUNNING state, process has stayed up for > than 1 seconds (startsecs)
2022-02-15 12:34:31,816 INFO exited: horizon (exit status 1; not expected)
2022-02-15 12:34:32,821 INFO spawned: 'horizon' with pid 806
2022-02-15 12:34:34,030 INFO success: horizon entered RUNNING state, process has stayed up for > than 1 seconds (startsecs)
2022-02-15 12:34:34,030 INFO exited: horizon (exit status 1; not expected)
2022-02-15 12:34:35,033 INFO spawned: 'horizon' with pid 813
2022-02-15 12:34:36,144 INFO success: horizon entered RUNNING state, process has stayed up for > than 1 seconds (startsecs)
2022-02-15 12:34:36,144 INFO exited: horizon (exit status 1; not expected)
2022-02-15 12:34:37,150 INFO spawned: 'horizon' with pid 820
2022-02-15 12:34:38,465 INFO success: horizon entered RUNNING state, process has stayed up for > than 1 seconds (startsecs)
2022-02-15 12:34:38,465 INFO exited: horizon (exit status 1; not expected)
2022-02-15 12:34:39,469 INFO spawned: 'horizon' with pid 827
2022-02-15 12:34:40,635 INFO success: horizon entered RUNNING state, process has stayed up for > than 1 seconds (startsecs)
2022-02-15 12:34:40,635 INFO exited: horizon (exit status 1; not expected)
2022-02-15 12:34:41,638 INFO spawned: 'horizon' with pid 834
2022-02-15 12:34:42,737 INFO success: horizon entered RUNNING state, process has stayed up for > than 1 seconds (startsecs)
2022-02-15 12:34:42,738 INFO exited: horizon (exit status 1; not expected)
2022-02-15 12:34:43,740 INFO spawned: 'horizon' with pid 841
2022-02-15 12:34:44,842 INFO success: horizon entered RUNNING state, process has stayed up for > than 1 seconds (startsecs)
2022-02-15 12:34:44,843 INFO exited: horizon (exit status 1; not expected)
2022-02-15 12:34:45,848 INFO spawned: 'horizon' with pid 848
2022-02-15 12:34:46,998 INFO success: horizon entered RUNNING state, process has stayed up for > than 1 seconds (startsecs)
2022-02-15 12:34:46,998 INFO exited: horizon (exit status 1; not expected)
2022-02-15 12:34:48,004 INFO spawned: 'horizon' with pid 855
2022-02-15 12:34:49,311 INFO success: horizon entered RUNNING state, process has stayed up for > than 1 seconds (startsecs)
2022-02-15 12:34:49,311 INFO exited: horizon (exit status 1; not expected)
2022-02-15 12:34:50,317 INFO spawned: 'horizon' with pid 862
2022-02-15 12:34:51,564 INFO success: horizon entered RUNNING state, process has stayed up for > than 1 seconds (startsecs)
2022-02-15 12:34:51,566 INFO exited: horizon (exit status 1; not expected)
2022-02-15 12:34:52,569 INFO spawned: 'horizon' with pid 869
2022-02-15 12:34:53,693 INFO success: horizon entered RUNNING state, process has stayed up for > than 1 seconds (startsecs)
2022-02-15 12:34:53,694 INFO exited: horizon (exit status 1; not expected)
2022-02-15 12:34:54,698 INFO spawned: 'horizon' with pid 876
2022-02-15 12:37:36,167 INFO supervisord started with pid 38
2022-02-15 12:37:37,170 INFO spawned: 'horizon' with pid 42
2022-02-15 12:37:38,299 INFO success: horizon entered RUNNING state, process has stayed up for > than 1 seconds (startsecs)
2022-02-15 12:37:38,299 INFO exited: horizon (exit status 1; not expected)
2022-02-15 12:37:39,303 INFO spawned: 'horizon' with pid 49
2022-02-15 12:37:40,421 INFO success: horizon entered RUNNING state, process has stayed up for > than 1 seconds (startsecs)
2022-02-15 12:37:40,421 INFO exited: horizon (exit status 1; not expected)
2022-02-15 12:37:41,424 INFO spawned: 'horizon' with pid 56
2022-02-15 12:37:42,514 INFO success: horizon entered RUNNING state, process has stayed up for > than 1 seconds (startsecs)
2022-02-15 12:37:42,514 INFO exited: horizon (exit status 1; not expected)
2022-02-15 12:37:43,519 INFO spawned: 'horizon' with pid 63
2022-02-15 12:37:44,609 INFO success: horizon entered RUNNING state, process has stayed up for > than 1 seconds (startsecs)
2022-02-15 12:37:44,610 INFO exited: horizon (exit status 1; not expected)
2022-02-15 12:37:45,615 INFO spawned: 'horizon' with pid 70
2022-02-15 12:37:46,708 INFO success: horizon entered RUNNING state, process has stayed up for > than 1 seconds (startsecs)
2022-02-15 12:37:46,708 INFO exited: horizon (exit status 1; not expected)
2022-02-15 12:37:47,714 INFO spawned: 'horizon' with pid 77
2022-02-15 12:37:48,810 INFO success: horizon entered RUNNING state, process has stayed up for > than 1 seconds (startsecs)
2022-02-15 12:37:48,810 INFO exited: horizon (exit status 1; not expected)
2022-02-15 12:37:49,813 INFO spawned: 'horizon' with pid 84
2022-02-15 12:37:50,903 INFO success: horizon entered RUNNING state, process has stayed up for > than 1 seconds (startsecs)
2022-02-15 12:37:50,904 INFO exited: horizon (exit status 1; not expected)
2022-02-15 12:37:51,907 INFO spawned: 'horizon' with pid 99
2022-02-15 12:37:52,994 INFO success: horizon entered RUNNING state, process has stayed up for > than 1 seconds (startsecs)
2022-02-15 12:37:52,995 INFO exited: horizon (exit status 1; not expected)
2022-02-15 12:37:54,001 INFO spawned: 'horizon' with pid 110
2022-02-15 12:37:55,088 INFO success: horizon entered RUNNING state, process has stayed up for > than 1 seconds (startsecs)
2022-02-15 12:37:55,088 INFO exited: horizon (exit status 1; not expected)
2022-02-15 12:37:56,091 INFO spawned: 'horizon' with pid 117
2022-02-15 12:37:57,180 INFO success: horizon entered RUNNING state, process has stayed up for > than 1 seconds (startsecs)
2022-02-15 12:37:57,180 INFO exited: horizon (exit status 1; not expected)
2022-02-15 12:37:58,185 INFO spawned: 'horizon' with pid 124
2022-02-15 12:37:59,271 INFO success: horizon entered RUNNING state, process has stayed up for > than 1 seconds (startsecs)
2022-02-15 12:37:59,271 INFO exited: horizon (exit status 1; not expected)
2022-02-15 12:38:00,273 INFO spawned: 'horizon' with pid 132
2022-02-15 12:38:01,362 INFO success: horizon entered RUNNING state, process has stayed up for > than 1 seconds (startsecs)
2022-02-15 12:38:01,362 INFO exited: horizon (exit status 1; not expected)
2022-02-15 12:38:02,367 INFO spawned: 'horizon' with pid 139
2022-02-15 12:38:03,453 INFO success: horizon entered RUNNING state, process has stayed up for > than 1 seconds (startsecs)
2022-02-15 12:38:03,454 INFO exited: horizon (exit status 1; not expected)
2022-02-15 12:38:04,456 INFO spawned: 'horizon' with pid 147
2022-02-15 12:38:05,543 INFO success: horizon entered RUNNING state, process has stayed up for > than 1 seconds (startsecs)
2022-02-15 12:38:05,544 INFO exited: horizon (exit status 1; not expected)
2022-02-15 12:38:06,546 INFO spawned: 'horizon' with pid 154
2022-02-15 12:38:07,631 INFO success: horizon entered RUNNING state, process has stayed up for > than 1 seconds (startsecs)
2022-02-15 12:38:07,632 INFO exited: horizon (exit status 1; not expected)
2022-02-15 12:38:08,636 INFO spawned: 'horizon' with pid 183
2022-02-15 12:38:09,732 INFO success: horizon entered RUNNING state, process has stayed up for > than 1 seconds (startsecs)
2022-02-15 12:38:09,733 INFO exited: horizon (exit status 1; not expected)
2022-02-15 12:38:10,735 INFO spawned: 'horizon' with pid 194
2022-02-15 12:38:11,828 INFO success: horizon entered RUNNING state, process has stayed up for > than 1 seconds (startsecs)
2022-02-15 12:38:11,828 INFO exited: horizon (exit status 1; not expected)
2022-02-15 12:38:12,831 INFO spawned: 'horizon' with pid 201
2022-02-15 12:38:13,937 INFO success: horizon entered RUNNING state, process has stayed up for > than 1 seconds (startsecs)
2022-02-15 12:38:13,937 INFO exited: horizon (exit status 1; not expected)
2022-02-15 12:38:14,940 INFO spawned: 'horizon' with pid 208
2022-02-15 12:38:16,035 INFO success: horizon entered RUNNING state, process has stayed up for > than 1 seconds (startsecs)
2022-02-15 12:38:16,036 INFO exited: horizon (exit status 1; not expected)
2022-02-15 12:38:17,038 INFO spawned: 'horizon' with pid 215
2022-02-15 12:38:18,128 INFO success: horizon entered RUNNING state, process has stayed up for > than 1 seconds (startsecs)
2022-02-15 12:38:18,128 INFO exited: horizon (exit status 1; not expected)
2022-02-15 12:38:19,130 INFO spawned: 'horizon' with pid 222
2022-02-15 12:38:20,222 INFO success: horizon entered RUNNING state, process has stayed up for > than 1 seconds (startsecs)
2022-02-15 12:38:20,222 INFO exited: horizon (exit status 1; not expected)
2022-02-15 12:38:21,225 INFO spawned: 'horizon' with pid 229
2022-02-15 12:38:22,342 INFO success: horizon entered RUNNING state, process has stayed up for > than 1 seconds (startsecs)
2022-02-15 12:38:22,342 INFO exited: horizon (exit status 1; not expected)
2022-02-15 12:38:23,344 INFO spawned: 'horizon' with pid 261
2022-02-15 12:38:24,440 INFO success: horizon entered RUNNING state, process has stayed up for > than 1 seconds (startsecs)
2022-02-15 12:38:24,441 INFO exited: horizon (exit status 1; not expected)
2022-02-15 12:38:25,443 INFO spawned: 'horizon' with pid 272
2022-02-15 12:38:26,535 INFO success: horizon entered RUNNING state, process has stayed up for > than 1 seconds (startsecs)
2022-02-15 12:38:26,536 INFO exited: horizon (exit status 1; not expected)
2022-02-15 12:38:27,538 INFO spawned: 'horizon' with pid 291
2022-02-15 12:38:28,637 INFO success: horizon entered RUNNING state, process has stayed up for > than 1 seconds (startsecs)
2022-02-15 12:38:28,637 INFO exited: horizon (exit status 1; not expected)
2022-02-15 12:38:29,641 INFO spawned: 'horizon' with pid 309
2022-02-15 12:38:30,740 INFO success: horizon entered RUNNING state, process has stayed up for > than 1 seconds (startsecs)
2022-02-15 12:44:06,899 INFO supervisord started with pid 37
2022-02-15 12:44:07,902 INFO spawned: 'crond' with pid 41
2022-02-15 12:44:07,904 INFO spawned: 'horizon' with pid 42
2022-02-15 12:44:07,916 INFO exited: crond (exit status 0; not expected)
2022-02-15 12:44:08,999 INFO spawned: 'crond' with pid 71
2022-02-15 12:44:08,999 INFO success: horizon entered RUNNING state, process has stayed up for > than 1 seconds (startsecs)
2022-02-15 12:44:09,012 INFO exited: crond (exit status 0; not expected)
2022-02-15 12:44:11,016 INFO spawned: 'crond' with pid 118
2022-02-15 12:44:11,030 INFO exited: crond (exit status 0; not expected)
2022-02-15 12:44:14,037 INFO spawned: 'crond' with pid 141
2022-02-15 12:44:14,053 INFO exited: crond (exit status 0; not expected)
2022-02-15 12:44:15,054 INFO gave up: crond entered FATAL state, too many start retries too quickly
2022-02-15 12:47:33,363 INFO supervisord started with pid 37
2022-02-15 12:47:34,368 INFO spawned: 'horizon' with pid 69
2022-02-15 12:47:35,462 INFO success: horizon entered RUNNING state, process has stayed up for > than 1 seconds (startsecs)
2022-02-15 13:47:36,265 INFO supervisord started with pid 502
2022-02-15 13:47:37,270 INFO spawned: 'horizon' with pid 534
2022-02-15 13:47:38,363 INFO success: horizon entered RUNNING state, process has stayed up for > than 1 seconds (startsecs)
2022-02-15 13:51:46,675 INFO supervisord started with pid 37
2022-02-15 13:51:47,680 INFO spawned: 'horizon' with pid 41
2022-02-15 13:51:48,779 INFO success: horizon entered RUNNING state, process has stayed up for > than 1 seconds (startsecs)
2022-02-15 13:55:52,067 INFO supervisord started with pid 37
2022-02-15 13:55:53,069 INFO spawned: 'crond' with pid 41
2022-02-15 13:55:53,071 INFO spawned: 'horizon' with pid 42
2022-02-15 13:55:53,072 INFO exited: crond (exit status 127; not expected)
2022-02-15 13:55:54,172 INFO spawned: 'crond' with pid 49
2022-02-15 13:55:54,172 INFO success: horizon entered RUNNING state, process has stayed up for > than 1 seconds (startsecs)
2022-02-15 13:55:54,173 INFO exited: crond (exit status 127; not expected)
2022-02-15 13:55:56,177 INFO spawned: 'crond' with pid 74
2022-02-15 13:55:56,179 INFO exited: crond (exit status 127; not expected)
2022-02-15 13:55:59,184 INFO spawned: 'crond' with pid 75
2022-02-15 13:55:59,186 INFO exited: crond (exit status 127; not expected)
2022-02-15 13:56:00,188 INFO gave up: crond entered FATAL state, too many start retries too quickly
2022-02-15 14:17:44,900 INFO supervisord started with pid 110
2022-02-15 14:17:45,905 INFO spawned: 'crond' with pid 111
2022-02-15 14:17:45,909 INFO spawned: 'horizon' with pid 112
2022-02-15 14:17:45,913 INFO exited: crond (exit status 127; not expected)
2022-02-15 14:17:47,018 INFO spawned: 'crond' with pid 119
2022-02-15 14:17:47,019 INFO success: horizon entered RUNNING state, process has stayed up for > than 1 seconds (startsecs)
2022-02-15 14:17:47,024 INFO exited: crond (exit status 127; not expected)
2022-02-15 14:17:49,030 INFO spawned: 'crond' with pid 144
2022-02-15 14:17:49,040 INFO exited: crond (exit status 127; not expected)
2022-02-15 14:17:52,049 INFO spawned: 'crond' with pid 145
2022-02-15 14:17:52,052 INFO exited: crond (exit status 127; not expected)
2022-02-15 14:17:53,054 INFO gave up: crond entered FATAL state, too many start retries too quickly
2022-02-15 14:18:03,068 WARN received SIGINT indicating exit request
2022-02-15 14:18:03,069 INFO waiting for horizon to die
2022-02-15 14:18:04,070 WARN received SIGINT indicating exit request
2022-02-15 14:18:05,072 WARN received SIGINT indicating exit request
2022-02-15 14:18:06,080 INFO stopped: horizon (exit status 0)
2022-02-15 14:18:17,651 INFO supervisord started with pid 146
2022-02-15 14:18:18,657 INFO spawned: 'crond' with pid 147
2022-02-15 14:18:18,659 INFO spawned: 'horizon' with pid 148
2022-02-15 14:18:18,673 INFO exited: crond (exit status 0; not expected)
2022-02-15 14:18:19,755 INFO spawned: 'crond' with pid 177
2022-02-15 14:18:19,755 INFO success: horizon entered RUNNING state, process has stayed up for > than 1 seconds (startsecs)
2022-02-15 14:18:19,768 INFO exited: crond (exit status 0; not expected)
2022-02-15 14:18:21,772 INFO spawned: 'crond' with pid 224
2022-02-15 14:18:21,787 INFO exited: crond (exit status 0; not expected)
2022-02-15 14:18:24,794 INFO spawned: 'crond' with pid 247
2022-02-15 14:18:24,811 INFO exited: crond (exit status 0; not expected)
2022-02-15 14:18:25,812 INFO gave up: crond entered FATAL state, too many start retries too quickly
2022-02-15 14:18:31,821 WARN received SIGINT indicating exit request
2022-02-15 14:18:31,821 INFO waiting for horizon to die
2022-02-15 14:18:32,822 WARN received SIGINT indicating exit request
2022-02-15 14:18:33,824 WARN received SIGINT indicating exit request
2022-02-15 14:18:34,826 INFO stopped: horizon (exit status 0)
2022-02-15 14:24:06,205 INFO supervisord started with pid 37
2022-02-15 14:24:07,209 INFO spawned: 'horizon' with pid 69
2022-02-15 14:24:08,302 INFO success: horizon entered RUNNING state, process has stayed up for > than 1 seconds (startsecs)
2022-02-15 14:28:06,195 INFO supervisord started with pid 37
2022-02-15 14:28:07,200 INFO spawned: 'horizon' with pid 69
2022-02-15 14:28:08,300 INFO success: horizon entered RUNNING state, process has stayed up for > than 1 seconds (startsecs)
2022-02-15 15:10:24,086 INFO supervisord started with pid 37
2022-02-15 15:10:25,089 INFO spawned: 'crond' with pid 69
2022-02-15 15:10:25,090 INFO spawned: 'horizon' with pid 70
2022-02-15 15:10:25,112 INFO exited: crond (exit status 0; not expected)
2022-02-15 15:10:26,250 INFO spawned: 'crond' with pid 99
2022-02-15 15:10:26,250 INFO success: horizon entered RUNNING state, process has stayed up for > than 1 seconds (startsecs)
2022-02-15 15:10:26,269 INFO exited: crond (exit status 0; not expected)
2022-02-15 15:10:28,273 INFO spawned: 'crond' with pid 146
2022-02-15 15:10:28,290 INFO exited: crond (exit status 0; not expected)
2022-02-15 15:10:31,296 INFO spawned: 'crond' with pid 169
2022-02-15 15:10:31,317 INFO exited: crond (exit status 0; not expected)
2022-02-15 15:10:31,318 INFO gave up: crond entered FATAL state, too many start retries too quickly
2022-02-15 15:14:53,162 CRIT Supervisor is running as root.  Privileges were not dropped because no user is specified in the config file.  If you intend to run as root, you can set user=root in the config file to avoid this message.
2022-02-15 15:14:53,165 INFO supervisord started with pid 37
2022-02-15 15:14:54,167 INFO spawned: 'horizon' with pid 69
2022-02-15 15:14:55,308 INFO success: horizon entered RUNNING state, process has stayed up for > than 1 seconds (startsecs)
2022-02-15 15:23:55,724 CRIT Supervisor is running as root.  Privileges were not dropped because no user is specified in the config file.  If you intend to run as root, you can set user=root in the config file to avoid this message.
2022-02-15 15:23:55,726 INFO supervisord started with pid 37
2022-02-15 15:23:56,728 INFO spawned: 'crond' with pid 41
2022-02-15 15:23:56,730 INFO spawned: 'horizon' with pid 42
2022-02-15 15:23:56,742 INFO exited: crond (exit status 0; not expected)
2022-02-15 15:23:57,824 INFO spawned: 'crond' with pid 71
2022-02-15 15:23:57,825 INFO success: horizon entered RUNNING state, process has stayed up for > than 1 seconds (startsecs)
2022-02-15 15:23:57,838 INFO exited: crond (exit status 0; not expected)
2022-02-15 15:23:59,841 INFO spawned: 'crond' with pid 117
2022-02-15 15:23:59,855 INFO exited: crond (exit status 0; not expected)
2022-02-15 15:24:02,862 INFO spawned: 'crond' with pid 139
2022-02-15 15:24:02,877 INFO exited: crond (exit status 0; not expected)
2022-02-15 15:24:02,877 INFO gave up: crond entered FATAL state, too many start retries too quickly
2022-02-15 15:27:43,052 INFO supervisord started with pid 37
2022-02-15 15:27:44,055 INFO spawned: 'crond' with pid 41
2022-02-15 15:27:44,057 INFO spawned: 'horizon' with pid 42
2022-02-15 15:27:44,057 INFO exited: crond (exit status 127; not expected)
2022-02-15 15:27:45,178 INFO spawned: 'crond' with pid 49
2022-02-15 15:27:45,179 INFO success: horizon entered RUNNING state, process has stayed up for > than 1 seconds (startsecs)
2022-02-15 15:27:45,181 INFO exited: crond (exit status 127; not expected)
2022-02-15 15:27:47,186 INFO spawned: 'crond' with pid 74
2022-02-15 15:27:47,189 INFO exited: crond (exit status 127; not expected)
2022-02-15 15:27:50,197 INFO spawned: 'crond' with pid 75
2022-02-15 15:27:50,201 INFO exited: crond (exit status 127; not expected)
2022-02-15 15:27:51,202 INFO gave up: crond entered FATAL state, too many start retries too quickly
2022-02-15 15:31:35,590 INFO supervisord started with pid 37
2022-02-15 15:31:36,592 INFO spawned: 'horizon' with pid 69
2022-02-15 15:31:37,684 INFO success: horizon entered RUNNING state, process has stayed up for > than 1 seconds (startsecs)
2022-02-15 15:39:15,394 INFO supervisord started with pid 38
2022-02-15 15:39:16,396 INFO spawned: 'horizon' with pid 42
2022-02-15 15:39:17,491 INFO success: horizon entered RUNNING state, process has stayed up for > than 1 seconds (startsecs)
2022-02-15 15:47:56,712 INFO supervisord started with pid 38
2022-02-15 15:47:57,717 INFO spawned: 'horizon' with pid 42
2022-02-15 15:47:58,833 INFO success: horizon entered RUNNING state, process has stayed up for > than 1 seconds (startsecs)
2022-02-15 16:20:52,839 INFO supervisord started with pid 38
2022-02-15 16:20:53,842 INFO spawned: 'horizon' with pid 70
2022-02-15 16:20:54,937 INFO success: horizon entered RUNNING state, process has stayed up for > than 1 seconds (startsecs)
2022-02-15 16:24:23,019 CRIT Supervisor is running as root.  Privileges were not dropped because no user is specified in the config file.  If you intend to run as root, you can set user=root in the config file to avoid this message.
2022-02-15 16:24:23,021 INFO supervisord started with pid 37
2022-02-15 16:24:24,023 INFO spawned: 'horizon' with pid 69
2022-02-15 16:24:25,123 INFO success: horizon entered RUNNING state, process has stayed up for > than 1 seconds (startsecs)
2022-02-15 20:46:47,301 CRIT Supervisor is running as root.  Privileges were not dropped because no user is specified in the config file.  If you intend to run as root, you can set user=root in the config file to avoid this message.
2022-02-15 20:46:47,303 INFO supervisord started with pid 37
2022-02-15 20:46:48,308 INFO spawned: 'horizon' with pid 69
2022-02-15 20:46:49,565 INFO success: horizon entered RUNNING state, process has stayed up for > than 1 seconds (startsecs)
2022-02-15 20:58:46,079 CRIT Supervisor is running as root.  Privileges were not dropped because no user is specified in the config file.  If you intend to run as root, you can set user=root in the config file to avoid this message.
2022-02-15 20:58:46,080 INFO supervisord started with pid 37
2022-02-15 20:58:47,083 INFO spawned: 'horizon' with pid 41
2022-02-15 20:58:48,192 INFO success: horizon entered RUNNING state, process has stayed up for > than 1 seconds (startsecs)
2022-02-15 21:08:48,177 CRIT Supervisor is running as root.  Privileges were not dropped because no user is specified in the config file.  If you intend to run as root, you can set user=root in the config file to avoid this message.
2022-02-15 21:08:48,179 INFO supervisord started with pid 38
2022-02-15 21:08:49,181 INFO spawned: 'crond' with pid 42
2022-02-15 21:08:49,183 INFO spawned: 'horizon' with pid 43
2022-02-15 21:08:49,186 INFO exited: crond (exit status 1; not expected)
2022-02-15 21:08:50,290 INFO spawned: 'crond' with pid 50
2022-02-15 21:08:50,291 INFO success: horizon entered RUNNING state, process has stayed up for > than 1 seconds (startsecs)
2022-02-15 21:08:50,293 INFO exited: crond (exit status 1; not expected)
2022-02-15 21:08:52,297 INFO spawned: 'crond' with pid 75
2022-02-15 21:08:52,300 INFO exited: crond (exit status 1; not expected)
2022-02-15 21:08:55,305 INFO spawned: 'crond' with pid 76
2022-02-15 21:08:55,308 INFO exited: crond (exit status 1; not expected)
2022-02-15 21:08:56,309 INFO gave up: crond entered FATAL state, too many start retries too quickly
2022-02-15 21:12:43,636 INFO supervisord started with pid 37
2022-02-15 21:12:44,641 INFO spawned: 'crond' with pid 41
2022-02-15 21:12:44,647 INFO spawned: 'horizon' with pid 42
2022-02-15 21:12:44,653 INFO exited: crond (exit status 1; not expected)
2022-02-15 21:12:45,749 INFO spawned: 'crond' with pid 49
2022-02-15 21:12:45,749 INFO success: horizon entered RUNNING state, process has stayed up for > than 1 seconds (startsecs)
2022-02-15 21:12:45,754 INFO exited: crond (exit status 1; not expected)
2022-02-15 21:12:47,761 INFO spawned: 'crond' with pid 74
2022-02-15 21:12:47,765 INFO exited: crond (exit status 1; not expected)
2022-02-15 21:12:50,772 INFO spawned: 'crond' with pid 75
2022-02-15 21:12:50,785 INFO exited: crond (exit status 1; not expected)
2022-02-15 21:12:50,785 INFO gave up: crond entered FATAL state, too many start retries too quickly
2022-02-15 21:15:47,870 INFO supervisord started with pid 37
2022-02-15 21:15:48,873 INFO spawned: 'cron' with pid 41
2022-02-15 21:15:48,875 INFO spawned: 'horizon' with pid 42
2022-02-15 21:15:48,876 INFO exited: cron (exit status 1; not expected)
2022-02-15 21:15:49,979 INFO spawned: 'cron' with pid 49
2022-02-15 21:15:49,979 INFO success: horizon entered RUNNING state, process has stayed up for > than 1 seconds (startsecs)
2022-02-15 21:15:49,982 INFO exited: cron (exit status 1; not expected)
2022-02-15 21:15:51,988 INFO spawned: 'cron' with pid 74
2022-02-15 21:15:51,994 INFO exited: cron (exit status 1; not expected)
2022-02-15 21:15:54,999 INFO spawned: 'cron' with pid 75
2022-02-15 21:15:55,002 INFO exited: cron (exit status 1; not expected)
2022-02-15 21:15:55,003 INFO gave up: cron entered FATAL state, too many start retries too quickly
2022-02-15 21:20:02,590 INFO supervisord started with pid 38
2022-02-15 21:20:03,592 INFO spawned: 'cron' with pid 42
2022-02-15 21:20:03,594 INFO spawned: 'horizon' with pid 43
2022-02-15 21:20:03,606 INFO exited: cron (exit status 0; not expected)
2022-02-15 21:20:04,698 INFO spawned: 'cron' with pid 70
2022-02-15 21:20:04,698 INFO success: horizon entered RUNNING state, process has stayed up for > than 1 seconds (startsecs)
2022-02-15 21:20:04,711 INFO exited: cron (exit status 0; not expected)
2022-02-15 21:20:06,717 INFO spawned: 'cron' with pid 115
2022-02-15 21:20:06,731 INFO exited: cron (exit status 0; not expected)
2022-02-15 21:20:09,739 INFO spawned: 'cron' with pid 136
2022-02-15 21:20:09,753 INFO exited: cron (exit status 0; not expected)
2022-02-15 21:20:10,754 INFO gave up: cron entered FATAL state, too many start retries too quickly
2022-02-15 21:25:53,991 INFO supervisord started with pid 38
2022-02-15 21:25:54,994 INFO spawned: 'cron' with pid 42
2022-02-15 21:25:54,997 INFO spawned: 'horizon' with pid 43
2022-02-15 21:25:54,997 INFO exited: cron (exit status 127; not expected)
2022-02-15 21:25:56,115 INFO spawned: 'cron' with pid 50
2022-02-15 21:25:56,117 INFO success: horizon entered RUNNING state, process has stayed up for > than 1 seconds (startsecs)
2022-02-15 21:25:56,119 INFO exited: cron (exit status 127; not expected)
2022-02-15 21:25:58,126 INFO spawned: 'cron' with pid 75
2022-02-15 21:25:58,128 INFO exited: cron (exit status 127; not expected)
2022-02-15 21:26:01,134 INFO spawned: 'cron' with pid 76
2022-02-15 21:26:01,136 INFO exited: cron (exit status 127; not expected)
2022-02-15 21:26:02,138 INFO gave up: cron entered FATAL state, too many start retries too quickly
2022-02-15 21:35:32,744 INFO supervisord started with pid 37
2022-02-15 21:35:33,746 INFO spawned: 'cron' with pid 41
2022-02-15 21:35:33,748 INFO spawned: 'horizon' with pid 42
2022-02-15 21:35:33,749 INFO exited: cron (exit status 127; not expected)
2022-02-15 21:35:34,841 INFO spawned: 'cron' with pid 49
2022-02-15 21:35:34,843 INFO success: horizon entered RUNNING state, process has stayed up for > than 1 seconds (startsecs)
2022-02-15 21:35:34,846 INFO exited: cron (exit status 127; not expected)
2022-02-15 21:35:36,852 INFO spawned: 'cron' with pid 74
2022-02-15 21:35:36,857 INFO exited: cron (exit status 127; not expected)
2022-02-15 21:35:39,865 INFO spawned: 'cron' with pid 75
2022-02-15 21:35:39,869 INFO exited: cron (exit status 127; not expected)
2022-02-15 21:35:40,871 INFO gave up: cron entered FATAL state, too many start retries too quickly
2022-02-15 21:40:50,674 INFO supervisord started with pid 38
2022-02-15 21:40:51,677 INFO spawned: 'cron' with pid 42
2022-02-15 21:40:51,679 INFO spawned: 'horizon' with pid 43
2022-02-15 21:40:51,689 INFO exited: cron (exit status 0; not expected)
2022-02-15 21:40:52,773 INFO spawned: 'cron' with pid 70
2022-02-15 21:40:52,774 INFO success: horizon entered RUNNING state, process has stayed up for > than 1 seconds (startsecs)
2022-02-15 21:40:52,787 INFO exited: cron (exit status 0; not expected)
2022-02-15 21:40:54,791 INFO spawned: 'cron' with pid 115
2022-02-15 21:40:54,813 INFO exited: cron (exit status 0; not expected)
2022-02-15 21:40:57,821 INFO spawned: 'cron' with pid 136
2022-02-15 21:40:57,833 INFO exited: cron (exit status 0; not expected)
2022-02-15 21:40:58,835 INFO gave up: cron entered FATAL state, too many start retries too quickly
2022-02-15 21:45:26,314 INFO supervisord started with pid 37
2022-02-15 21:45:27,318 INFO spawned: 'cron' with pid 41
2022-02-15 21:45:27,320 INFO spawned: 'horizon' with pid 42
2022-02-15 21:45:27,332 INFO exited: cron (exit status 0; not expected)
2022-02-15 21:45:28,420 INFO spawned: 'cron' with pid 69
2022-02-15 21:45:28,420 INFO success: horizon entered RUNNING state, process has stayed up for > than 1 seconds (startsecs)
2022-02-15 21:45:28,434 INFO exited: cron (exit status 0; not expected)
2022-02-15 21:45:30,438 INFO spawned: 'cron' with pid 114
2022-02-15 21:45:30,451 INFO exited: cron (exit status 0; not expected)
2022-02-15 21:45:33,459 INFO spawned: 'cron' with pid 135
2022-02-15 21:45:33,473 INFO exited: cron (exit status 0; not expected)
2022-02-15 21:45:34,474 INFO gave up: cron entered FATAL state, too many start retries too quickly
2022-02-15 21:49:09,286 CRIT Supervisor is running as root.  Privileges were not dropped because no user is specified in the config file.  If you intend to run as root, you can set user=root in the config file to avoid this message.
2022-02-15 21:49:09,288 INFO supervisord started with pid 38
2022-02-15 21:49:10,293 INFO spawned: 'cron' with pid 42
2022-02-15 21:49:10,294 INFO spawned: 'horizon' with pid 43
2022-02-15 21:49:10,305 INFO exited: cron (exit status 0; not expected)
2022-02-15 21:49:11,392 INFO spawned: 'cron' with pid 70
2022-02-15 21:49:11,393 INFO success: horizon entered RUNNING state, process has stayed up for > than 1 seconds (startsecs)
2022-02-15 21:49:11,407 INFO exited: cron (exit status 0; not expected)
2022-02-15 21:49:13,414 INFO spawned: 'cron' with pid 114
2022-02-15 21:49:13,426 INFO exited: cron (exit status 0; not expected)
2022-02-15 21:49:16,432 INFO spawned: 'cron' with pid 134
2022-02-15 21:49:16,448 INFO exited: cron (exit status 0; not expected)
2022-02-15 21:49:16,448 INFO gave up: cron entered FATAL state, too many start retries too quickly
